# JRE version: Java(TM) SE Runtime Environment (8.0_66-b18) (build 1.8.0_66-b18)
# Java VM: Java HotSpot(TM) 64-Bit Server VM (25.66-b18 mixed mode windows-amd64 compressed oops)
Heap:
 PSYoungGen      total 129536K, used 12956K [0x00000000f5580000, 0x00000000ff600000, 0x0000000100000000)
  eden space 102400K, 5% used [0x00000000f5580000,0x00000000f5b20fa8,0x00000000fb980000)
  from space 27136K, 26% used [0x00000000fb980000,0x00000000fc0862e8,0x00000000fd400000)
  to   space 27136K, 0% used [0x00000000fdb80000,0x00000000fdb80000,0x00000000ff600000)
 ParOldGen       total 107520K, used 53644K [0x00000000e0000000, 0x00000000e6900000, 0x00000000f5580000)
  object space 107520K, 49% used [0x00000000e0000000,0x00000000e34630b8,0x00000000e6900000)
 Metaspace       used 85893K, capacity 93190K, committed 93312K, reserved 1130496K
  class space    used 10523K, capacity 12665K, committed 12672K, reserved 1048576K
GC Heap History (10 events):
Event: 43.770 GC heap before
{Heap before GC invocations=13 (full 3):
 PSYoungGen      total 113152K, used 94720K [0x00000000f5580000, 0x00000000fe300000, 0x0000000100000000)
  eden space 94720K, 100% used [0x00000000f5580000,0x00000000fb200000,0x00000000fb200000)
  from space 18432K, 0% used [0x00000000fb800000,0x00000000fb800000,0x00000000fca00000)
  to   space 25088K, 0% used [0x00000000fca80000,0x00000000fca80000,0x00000000fe300000)
 ParOldGen       total 107520K, used 49816K [0x00000000e0000000, 0x00000000e6900000, 0x00000000f5580000)
  object space 107520K, 46% used [0x00000000e0000000,0x00000000e30a6370,0x00000000e6900000)
 Metaspace       used 68749K, capacity 74390K, committed 74624K, reserved 1114112K
  class space    used 8566K, capacity 10336K, committed 10368K, reserved 1048576K
Event: 43.781 GC heap after
Heap after GC invocations=13 (full 3):
 PSYoungGen      total 118784K, used 17871K [0x00000000f5580000, 0x00000000ff000000, 0x0000000100000000)
  eden space 93696K, 0% used [0x00000000f5580000,0x00000000f5580000,0x00000000fb100000)
  from space 25088K, 71% used [0x00000000fca80000,0x00000000fdbf3fc8,0x00000000fe300000)
  to   space 26112K, 0% used [0x00000000fb100000,0x00000000fb100000,0x00000000fca80000)
 ParOldGen       total 107520K, used 49824K [0x00000000e0000000, 0x00000000e6900000, 0x00000000f5580000)
  object space 107520K, 46% used [0x00000000e0000000,0x00000000e30a8370,0x00000000e6900000)
 Metaspace       used 68749K, capacity 74390K, committed 74624K, reserved 1114112K
  class space    used 8566K, capacity 10336K, committed 10368K, reserved 1048576K
}
Event: 120.101 GC heap before
{Heap before GC invocations=14 (full 3):
 PSYoungGen      total 118784K, used 111567K [0x00000000f5580000, 0x00000000ff000000, 0x0000000100000000)
  eden space 93696K, 100% used [0x00000000f5580000,0x00000000fb100000,0x00000000fb100000)
  from space 25088K, 71% used [0x00000000fca80000,0x00000000fdbf3fc8,0x00000000fe300000)
  to   space 26112K, 0% used [0x00000000fb100000,0x00000000fb100000,0x00000000fca80000)
 ParOldGen       total 107520K, used 49824K [0x00000000e0000000, 0x00000000e6900000, 0x00000000f5580000)
  object space 107520K, 46% used [0x00000000e0000000,0x00000000e30a8370,0x00000000e6900000)
 Metaspace       used 80629K, capacity 87360K, committed 87680K, reserved 1124352K
  class space    used 9914K, capacity 11844K, committed 11904K, reserved 1048576K
Event: 120.112 GC heap after
Heap after GC invocations=14 (full 3):
 PSYoungGen      total 119808K, used 23251K [0x00000000f5580000, 0x00000000ff180000, 0x0000000100000000)
  eden space 93696K, 0% used [0x00000000f5580000,0x00000000f5580000,0x00000000fb100000)
  from space 26112K, 89% used [0x00000000fb100000,0x00000000fc7b4e50,0x00000000fca80000)
  to   space 28672K, 0% used [0x00000000fd580000,0x00000000fd580000,0x00000000ff180000)
 ParOldGen       total 107520K, used 49832K [0x00000000e0000000, 0x00000000e6900000, 0x00000000f5580000)
  object space 107520K, 46% used [0x00000000e0000000,0x00000000e30aa370,0x00000000e6900000)
 Metaspace       used 80629K, capacity 87360K, committed 87680K, reserved 1124352K
  class space    used 9914K, capacity 11844K, committed 11904K, reserved 1048576K
}
Event: 125.099 GC heap before
{Heap before GC invocations=15 (full 3):
 PSYoungGen      total 119808K, used 31199K [0x00000000f5580000, 0x00000000ff180000, 0x0000000100000000)
  eden space 93696K, 8% used [0x00000000f5580000,0x00000000f5d42e50,0x00000000fb100000)
  from space 26112K, 89% used [0x00000000fb100000,0x00000000fc7b4e50,0x00000000fca80000)
  to   space 28672K, 0% used [0x00000000fd580000,0x00000000fd580000,0x00000000ff180000)
 ParOldGen       total 107520K, used 49832K [0x00000000e0000000, 0x00000000e6900000, 0x00000000f5580000)
  object space 107520K, 46% used [0x00000000e0000000,0x00000000e30aa370,0x00000000e6900000)
 Metaspace       used 80942K, capacity 87754K, committed 87936K, reserved 1126400K
  class space    used 9961K, capacity 11860K, committed 11904K, reserved 1048576K
Event: 125.114 GC heap after
Heap after GC invocations=15 (full 3):
 PSYoungGen      total 128000K, used 13670K [0x00000000f5580000, 0x00000000fee80000, 0x0000000100000000)
  eden space 102400K, 0% used [0x00000000f5580000,0x00000000f5580000,0x00000000fb980000)
  from space 25600K, 53% used [0x00000000fd580000,0x00000000fe2d98d8,0x00000000fee80000)
  to   space 27136K, 0% used [0x00000000fb980000,0x00000000fb980000,0x00000000fd400000)
 ParOldGen       total 107520K, used 49840K [0x00000000e0000000, 0x00000000e6900000, 0x00000000f5580000)
  object space 107520K, 46% used [0x00000000e0000000,0x00000000e30ac370,0x00000000e6900000)
 Metaspace       used 80942K, capacity 87754K, committed 87936K, reserved 1126400K
  class space    used 9961K, capacity 11860K, committed 11904K, reserved 1048576K
}
Event: 125.114 GC heap before
{Heap before GC invocations=16 (full 4):
 PSYoungGen      total 128000K, used 13670K [0x00000000f5580000, 0x00000000fee80000, 0x0000000100000000)
  eden space 102400K, 0% used [0x00000000f5580000,0x00000000f5580000,0x00000000fb980000)
  from space 25600K, 53% used [0x00000000fd580000,0x00000000fe2d98d8,0x00000000fee80000)
  to   space 27136K, 0% used [0x00000000fb980000,0x00000000fb980000,0x00000000fd400000)
 ParOldGen       total 107520K, used 49840K [0x00000000e0000000, 0x00000000e6900000, 0x00000000f5580000)
  object space 107520K, 46% used [0x00000000e0000000,0x00000000e30ac370,0x00000000e6900000)
 Metaspace       used 80942K, capacity 87754K, committed 87936K, reserved 1126400K
  class space    used 9961K, capacity 11860K, committed 11904K, reserved 1048576K
Event: 125.374 GC heap after
Heap after GC invocations=16 (full 4):
 PSYoungGen      total 128000K, used 0K [0x00000000f5580000, 0x00000000fee80000, 0x0000000100000000)
  eden space 102400K, 0% used [0x00000000f5580000,0x00000000f5580000,0x00000000fb980000)
  from space 25600K, 0% used [0x00000000fd580000,0x00000000fd580000,0x00000000fee80000)
  to   space 27136K, 0% used [0x00000000fb980000,0x00000000fb980000,0x00000000fd400000)
 ParOldGen       total 107520K, used 53572K [0x00000000e0000000, 0x00000000e6900000, 0x00000000f5580000)
  object space 107520K, 49% used [0x00000000e0000000,0x00000000e34510a8,0x00000000e6900000)
 Metaspace       used 80942K, capacity 87754K, committed 87936K, reserved 1126400K
  class space    used 9961K, capacity 11860K, committed 11904K, reserved 1048576K
}
Event: 159.837 GC heap before
{Heap before GC invocations=17 (full 4):
 PSYoungGen      total 128000K, used 102400K [0x00000000f5580000, 0x00000000fee80000, 0x0000000100000000)
  eden space 102400K, 100% used [0x00000000f5580000,0x00000000fb980000,0x00000000fb980000)
  from space 25600K, 0% used [0x00000000fd580000,0x00000000fd580000,0x00000000fee80000)
  to   space 27136K, 0% used [0x00000000fb980000,0x00000000fb980000,0x00000000fd400000)
 ParOldGen       total 107520K, used 53572K [0x00000000e0000000, 0x00000000e6900000, 0x00000000f5580000)
  object space 107520K, 49% used [0x00000000e0000000,0x00000000e34510a8,0x00000000e6900000)
 Metaspace       used 85777K, capacity 93062K, committed 93312K, reserved 1130496K
  class space    used 10514K, capacity 12665K, committed 12672K, reserved 1048576K
Event: 159.844 GC heap after
Heap after GC invocations=17 (full 4):
 PSYoungGen      total 129536K, used 7192K [0x00000000f5580000, 0x00000000ff600000, 0x0000000100000000)
  eden space 102400K, 0% used [0x00000000f5580000,0x00000000f5580000,0x00000000fb980000)
  from space 27136K, 26% used [0x00000000fb980000,0x00000000fc0862e8,0x00000000fd400000)
  to   space 27136K, 0% used [0x00000000fdb80000,0x00000000fdb80000,0x00000000ff600000)
 ParOldGen       total 107520K, used 53644K [0x00000000e0000000, 0x00000000e6900000, 0x00000000f5580000)
  object space 107520K, 49% used [0x00000000e0000000,0x00000000e34630b8,0x00000000e6900000)
 Metaspace       used 85777K, capacity 93062K, committed 93312K, reserved 1130496K
  class space    used 10514K, capacity 12665K, committed 12672K, reserved 1048576K
}

