# JRE version: Java(TM) SE Runtime Environment (8.0_66-b18) (build 1.8.0_66-b18)
# Java VM: Java HotSpot(TM) 64-Bit Server VM (25.66-b18 mixed mode windows-amd64 compressed oops)
Heap:
 PSYoungGen      total 90624K, used 61245K [0x00000000f5580000, 0x00000000fc080000, 0x0000000100000000)
  eden space 78848K, 63% used [0x00000000f5580000,0x00000000f86465d8,0x00000000fa280000)
  from space 11776K, 95% used [0x00000000fa480000,0x00000000faf88fc0,0x00000000fb000000)
  to   space 15360K, 0% used [0x00000000fb180000,0x00000000fb180000,0x00000000fc080000)
 ParOldGen       total 118784K, used 63498K [0x00000000e0000000, 0x00000000e7400000, 0x00000000f5580000)
  object space 118784K, 53% used [0x00000000e0000000,0x00000000e3e029f8,0x00000000e7400000)
 Metaspace       used 103128K, capacity 111192K, committed 111360K, reserved 1146880K
  class space    used 12303K, capacity 14772K, committed 14848K, reserved 1048576K
GC Heap History (10 events):
Event: 26706.823 GC heap before
{Heap before GC invocations=898 (full 437):
 PSYoungGen      total 98816K, used 96219K [0x00000000f5580000, 0x00000000fc380000, 0x0000000100000000)
  eden space 89088K, 100% used [0x00000000f5580000,0x00000000fac80000,0x00000000fac80000)
  from space 9728K, 73% used [0x00000000fba00000,0x00000000fc0f6cd0,0x00000000fc380000)
  to   space 11776K, 0% used [0x00000000fac80000,0x00000000fac80000,0x00000000fb800000)
 ParOldGen       total 118784K, used 63474K [0x00000000e0000000, 0x00000000e7400000, 0x00000000f5580000)
  object space 118784K, 53% used [0x00000000e0000000,0x00000000e3dfc9f8,0x00000000e7400000)
 Metaspace       used 100890K, capacity 108694K, committed 108928K, reserved 1144832K
  class space    used 12083K, capacity 14353K, committed 14464K, reserved 1048576K
Event: 26706.831 GC heap after
Heap after GC invocations=898 (full 437):
 PSYoungGen      total 95744K, used 8381K [0x00000000f5580000, 0x00000000fc280000, 0x0000000100000000)
  eden space 87040K, 0% used [0x00000000f5580000,0x00000000f5580000,0x00000000faa80000)
  from space 8704K, 96% used [0x00000000fac80000,0x00000000fb4af6b0,0x00000000fb500000)
  to   space 12288K, 0% used [0x00000000fb680000,0x00000000fb680000,0x00000000fc280000)
 ParOldGen       total 118784K, used 63482K [0x00000000e0000000, 0x00000000e7400000, 0x00000000f5580000)
  object space 118784K, 53% used [0x00000000e0000000,0x00000000e3dfe9f8,0x00000000e7400000)
 Metaspace       used 100890K, capacity 108694K, committed 108928K, reserved 1144832K
  class space    used 12083K, capacity 14353K, committed 14464K, reserved 1048576K
}
Event: 26794.290 GC heap before
{Heap before GC invocations=899 (full 437):
 PSYoungGen      total 95744K, used 95421K [0x00000000f5580000, 0x00000000fc280000, 0x0000000100000000)
  eden space 87040K, 100% used [0x00000000f5580000,0x00000000faa80000,0x00000000faa80000)
  from space 8704K, 96% used [0x00000000fac80000,0x00000000fb4af6b0,0x00000000fb500000)
  to   space 12288K, 0% used [0x00000000fb680000,0x00000000fb680000,0x00000000fc280000)
 ParOldGen       total 118784K, used 63482K [0x00000000e0000000, 0x00000000e7400000, 0x00000000f5580000)
  object space 118784K, 53% used [0x00000000e0000000,0x00000000e3dfe9f8,0x00000000e7400000)
 Metaspace       used 101136K, capacity 108914K, committed 109184K, reserved 1144832K
  class space    used 12105K, capacity 14362K, committed 14464K, reserved 1048576K
Event: 26794.296 GC heap after
Heap after GC invocations=899 (full 437):
 PSYoungGen      total 96256K, used 8051K [0x00000000f5580000, 0x00000000fc180000, 0x0000000100000000)
  eden space 84992K, 0% used [0x00000000f5580000,0x00000000f5580000,0x00000000fa880000)
  from space 11264K, 71% used [0x00000000fb680000,0x00000000fbe5cc60,0x00000000fc180000)
  to   space 12800K, 0% used [0x00000000fa880000,0x00000000fa880000,0x00000000fb500000)
 ParOldGen       total 118784K, used 63482K [0x00000000e0000000, 0x00000000e7400000, 0x00000000f5580000)
  object space 118784K, 53% used [0x00000000e0000000,0x00000000e3dfe9f8,0x00000000e7400000)
 Metaspace       used 101136K, capacity 108914K, committed 109184K, reserved 1144832K
  class space    used 12105K, capacity 14362K, committed 14464K, reserved 1048576K
}
Event: 26981.414 GC heap before
{Heap before GC invocations=900 (full 437):
 PSYoungGen      total 96256K, used 93043K [0x00000000f5580000, 0x00000000fc180000, 0x0000000100000000)
  eden space 84992K, 100% used [0x00000000f5580000,0x00000000fa880000,0x00000000fa880000)
  from space 11264K, 71% used [0x00000000fb680000,0x00000000fbe5cc60,0x00000000fc180000)
  to   space 12800K, 0% used [0x00000000fa880000,0x00000000fa880000,0x00000000fb500000)
 ParOldGen       total 118784K, used 63482K [0x00000000e0000000, 0x00000000e7400000, 0x00000000f5580000)
  object space 118784K, 53% used [0x00000000e0000000,0x00000000e3dfe9f8,0x00000000e7400000)
 Metaspace       used 101551K, capacity 109536K, committed 109696K, reserved 1144832K
  class space    used 12129K, capacity 14400K, committed 14464K, reserved 1048576K
Event: 26981.420 GC heap after
Heap after GC invocations=900 (full 437):
 PSYoungGen      total 92160K, used 8828K [0x00000000f5580000, 0x00000000fc080000, 0x0000000100000000)
  eden space 82944K, 0% used [0x00000000f5580000,0x00000000f5580000,0x00000000fa680000)
  from space 9216K, 95% used [0x00000000fa880000,0x00000000fb11f328,0x00000000fb180000)
  to   space 13312K, 0% used [0x00000000fb380000,0x00000000fb380000,0x00000000fc080000)
 ParOldGen       total 118784K, used 63490K [0x00000000e0000000, 0x00000000e7400000, 0x00000000f5580000)
  object space 118784K, 53% used [0x00000000e0000000,0x00000000e3e009f8,0x00000000e7400000)
 Metaspace       used 101551K, capacity 109536K, committed 109696K, reserved 1144832K
  class space    used 12129K, capacity 14400K, committed 14464K, reserved 1048576K
}
Event: 27167.195 GC heap before
{Heap before GC invocations=901 (full 437):
 PSYoungGen      total 92160K, used 91772K [0x00000000f5580000, 0x00000000fc080000, 0x0000000100000000)
  eden space 82944K, 100% used [0x00000000f5580000,0x00000000fa680000,0x00000000fa680000)
  from space 9216K, 95% used [0x00000000fa880000,0x00000000fb11f328,0x00000000fb180000)
  to   space 13312K, 0% used [0x00000000fb380000,0x00000000fb380000,0x00000000fc080000)
 ParOldGen       total 118784K, used 63490K [0x00000000e0000000, 0x00000000e7400000, 0x00000000f5580000)
  object space 118784K, 53% used [0x00000000e0000000,0x00000000e3e009f8,0x00000000e7400000)
 Metaspace       used 102267K, capacity 110246K, committed 110336K, reserved 1144832K
  class space    used 12216K, capacity 14573K, committed 14592K, reserved 1048576K
Event: 27167.202 GC heap after
Heap after GC invocations=901 (full 437):
 PSYoungGen      total 94208K, used 10786K [0x00000000f5580000, 0x00000000fc080000, 0x0000000100000000)
  eden space 80896K, 0% used [0x00000000f5580000,0x00000000f5580000,0x00000000fa480000)
  from space 13312K, 81% used [0x00000000fb380000,0x00000000fbe08978,0x00000000fc080000)
  to   space 14336K, 0% used [0x00000000fa480000,0x00000000fa480000,0x00000000fb280000)
 ParOldGen       total 118784K, used 63490K [0x00000000e0000000, 0x00000000e7400000, 0x00000000f5580000)
  object space 118784K, 53% used [0x00000000e0000000,0x00000000e3e009f8,0x00000000e7400000)
 Metaspace       used 102267K, capacity 110246K, committed 110336K, reserved 1144832K
  class space    used 12216K, capacity 14573K, committed 14592K, reserved 1048576K
}
Event: 27194.033 GC heap before
{Heap before GC invocations=902 (full 437):
 PSYoungGen      total 94208K, used 91682K [0x00000000f5580000, 0x00000000fc080000, 0x0000000100000000)
  eden space 80896K, 100% used [0x00000000f5580000,0x00000000fa480000,0x00000000fa480000)
  from space 13312K, 81% used [0x00000000fb380000,0x00000000fbe08978,0x00000000fc080000)
  to   space 14336K, 0% used [0x00000000fa480000,0x00000000fa480000,0x00000000fb280000)
 ParOldGen       total 118784K, used 63490K [0x00000000e0000000, 0x00000000e7400000, 0x00000000f5580000)
  object space 118784K, 53% used [0x00000000e0000000,0x00000000e3e009f8,0x00000000e7400000)
 Metaspace       used 102638K, capacity 110636K, committed 110720K, reserved 1144832K
  class space    used 12250K, capacity 14638K, committed 14720K, reserved 1048576K
Event: 27194.040 GC heap after
Heap after GC invocations=902 (full 437):
 PSYoungGen      total 90624K, used 11299K [0x00000000f5580000, 0x00000000fc080000, 0x0000000100000000)
  eden space 78848K, 0% used [0x00000000f5580000,0x00000000f5580000,0x00000000fa280000)
  from space 11776K, 95% used [0x00000000fa480000,0x00000000faf88fc0,0x00000000fb000000)
  to   space 15360K, 0% used [0x00000000fb180000,0x00000000fb180000,0x00000000fc080000)
 ParOldGen       total 118784K, used 63498K [0x00000000e0000000, 0x00000000e7400000, 0x00000000f5580000)
  object space 118784K, 53% used [0x00000000e0000000,0x00000000e3e029f8,0x00000000e7400000)
 Metaspace       used 102638K, capacity 110636K, committed 110720K, reserved 1144832K
  class space    used 12250K, capacity 14638K, committed 14720K, reserved 1048576K
}

