# JRE version: Java(TM) SE Runtime Environment (8.0_66-b18) (build 1.8.0_66-b18)
# Java VM: Java HotSpot(TM) 64-Bit Server VM (25.66-b18 mixed mode windows-amd64 compressed oops)
Heap:
 PSYoungGen      total 104448K, used 74941K [0x00000000f5580000, 0x00000000fdd00000, 0x0000000100000000)
  eden space 85504K, 65% used [0x00000000f5580000,0x00000000f8c4acf8,0x00000000fa900000)
  from space 18944K, 99% used [0x00000000fab00000,0x00000000fbd64930,0x00000000fbd80000)
  to   space 26624K, 0% used [0x00000000fc300000,0x00000000fc300000,0x00000000fdd00000)
 ParOldGen       total 112128K, used 54218K [0x00000000e0000000, 0x00000000e6d80000, 0x00000000f5580000)
  object space 112128K, 48% used [0x00000000e0000000,0x00000000e34f2998,0x00000000e6d80000)
 Metaspace       used 94276K, capacity 101536K, committed 101808K, reserved 1136640K
  class space    used 11394K, capacity 13652K, committed 13744K, reserved 1048576K
GC Heap History (10 events):
Event: 213.822 GC heap before
{Heap before GC invocations=21 (full 4):
 PSYoungGen      total 112128K, used 100238K [0x00000000f5580000, 0x00000000fdf80000, 0x0000000100000000)
  eden space 89088K, 100% used [0x00000000f5580000,0x00000000fac80000,0x00000000fac80000)
  from space 23040K, 48% used [0x00000000fc900000,0x00000000fd3e3840,0x00000000fdf80000)
  to   space 26112K, 0% used [0x00000000fac80000,0x00000000fac80000,0x00000000fc600000)
 ParOldGen       total 112128K, used 54114K [0x00000000e0000000, 0x00000000e6d80000, 0x00000000f5580000)
  object space 112128K, 48% used [0x00000000e0000000,0x00000000e34d8988,0x00000000e6d80000)
 Metaspace       used 88447K, capacity 95546K, committed 95920K, reserved 1132544K
  class space    used 10808K, capacity 12943K, committed 12976K, reserved 1048576K
Event: 213.831 GC heap after
Heap after GC invocations=21 (full 4):
 PSYoungGen      total 115200K, used 14437K [0x00000000f5580000, 0x00000000fe380000, 0x0000000100000000)
  eden space 89088K, 0% used [0x00000000f5580000,0x00000000f5580000,0x00000000fac80000)
  from space 26112K, 55% used [0x00000000fac80000,0x00000000fba99798,0x00000000fc600000)
  to   space 25088K, 0% used [0x00000000fcb00000,0x00000000fcb00000,0x00000000fe380000)
 ParOldGen       total 112128K, used 54122K [0x00000000e0000000, 0x00000000e6d80000, 0x00000000f5580000)
  object space 112128K, 48% used [0x00000000e0000000,0x00000000e34da988,0x00000000e6d80000)
 Metaspace       used 88447K, capacity 95546K, committed 95920K, reserved 1132544K
  class space    used 10808K, capacity 12943K, committed 12976K, reserved 1048576K
}
Event: 270.001 GC heap before
{Heap before GC invocations=22 (full 4):
 PSYoungGen      total 115200K, used 103525K [0x00000000f5580000, 0x00000000fe380000, 0x0000000100000000)
  eden space 89088K, 100% used [0x00000000f5580000,0x00000000fac80000,0x00000000fac80000)
  from space 26112K, 55% used [0x00000000fac80000,0x00000000fba99798,0x00000000fc600000)
  to   space 25088K, 0% used [0x00000000fcb00000,0x00000000fcb00000,0x00000000fe380000)
 ParOldGen       total 112128K, used 54122K [0x00000000e0000000, 0x00000000e6d80000, 0x00000000f5580000)
  object space 112128K, 48% used [0x00000000e0000000,0x00000000e34da988,0x00000000e6d80000)
 Metaspace       used 89885K, capacity 96906K, committed 97072K, reserved 1132544K
  class space    used 10942K, capacity 13074K, committed 13104K, reserved 1048576K
Event: 270.009 GC heap after
Heap after GC invocations=22 (full 4):
 PSYoungGen      total 115200K, used 15610K [0x00000000f5580000, 0x00000000fe100000, 0x0000000100000000)
  eden space 92672K, 0% used [0x00000000f5580000,0x00000000f5580000,0x00000000fb000000)
  from space 22528K, 69% used [0x00000000fcb00000,0x00000000fda3eb08,0x00000000fe100000)
  to   space 25088K, 0% used [0x00000000fb000000,0x00000000fb000000,0x00000000fc880000)
 ParOldGen       total 112128K, used 54130K [0x00000000e0000000, 0x00000000e6d80000, 0x00000000f5580000)
  object space 112128K, 48% used [0x00000000e0000000,0x00000000e34dc988,0x00000000e6d80000)
 Metaspace       used 89885K, capacity 96906K, committed 97072K, reserved 1132544K
  class space    used 10942K, capacity 13074K, committed 13104K, reserved 1048576K
}
Event: 309.399 GC heap before
{Heap before GC invocations=23 (full 4):
 PSYoungGen      total 115200K, used 108281K [0x00000000f5580000, 0x00000000fe100000, 0x0000000100000000)
  eden space 92672K, 99% used [0x00000000f5580000,0x00000000fafffbf8,0x00000000fb000000)
  from space 22528K, 69% used [0x00000000fcb00000,0x00000000fda3eb08,0x00000000fe100000)
  to   space 25088K, 0% used [0x00000000fb000000,0x00000000fb000000,0x00000000fc880000)
 ParOldGen       total 112128K, used 54130K [0x00000000e0000000, 0x00000000e6d80000, 0x00000000f5580000)
  object space 112128K, 48% used [0x00000000e0000000,0x00000000e34dc988,0x00000000e6d80000)
 Metaspace       used 91144K, capacity 98534K, committed 98736K, reserved 1134592K
  class space    used 11043K, capacity 13188K, committed 13232K, reserved 1048576K
Event: 309.407 GC heap after
Heap after GC invocations=23 (full 4):
 PSYoungGen      total 107520K, used 16920K [0x00000000f5580000, 0x00000000fde80000, 0x0000000100000000)
  eden space 90112K, 0% used [0x00000000f5580000,0x00000000f5580000,0x00000000fad80000)
  from space 17408K, 97% used [0x00000000fb000000,0x00000000fc086308,0x00000000fc100000)
  to   space 25088K, 0% used [0x00000000fc600000,0x00000000fc600000,0x00000000fde80000)
 ParOldGen       total 112128K, used 54202K [0x00000000e0000000, 0x00000000e6d80000, 0x00000000f5580000)
  object space 112128K, 48% used [0x00000000e0000000,0x00000000e34ee998,0x00000000e6d80000)
 Metaspace       used 91144K, capacity 98534K, committed 98736K, reserved 1134592K
  class space    used 11043K, capacity 13188K, committed 13232K, reserved 1048576K
}
Event: 369.460 GC heap before
{Heap before GC invocations=24 (full 4):
 PSYoungGen      total 107520K, used 107032K [0x00000000f5580000, 0x00000000fde80000, 0x0000000100000000)
  eden space 90112K, 100% used [0x00000000f5580000,0x00000000fad80000,0x00000000fad80000)
  from space 17408K, 97% used [0x00000000fb000000,0x00000000fc086308,0x00000000fc100000)
  to   space 25088K, 0% used [0x00000000fc600000,0x00000000fc600000,0x00000000fde80000)
 ParOldGen       total 112128K, used 54202K [0x00000000e0000000, 0x00000000e6d80000, 0x00000000f5580000)
  object space 112128K, 48% used [0x00000000e0000000,0x00000000e34ee998,0x00000000e6d80000)
 Metaspace       used 92857K, capacity 100216K, committed 100528K, reserved 1136640K
  class space    used 11274K, capacity 13454K, committed 13488K, reserved 1048576K
Event: 369.469 GC heap after
Heap after GC invocations=24 (full 4):
 PSYoungGen      total 112128K, used 19042K [0x00000000f5580000, 0x00000000fde00000, 0x0000000100000000)
  eden space 87552K, 0% used [0x00000000f5580000,0x00000000f5580000,0x00000000fab00000)
  from space 24576K, 77% used [0x00000000fc600000,0x00000000fd8988a8,0x00000000fde00000)
  to   space 26112K, 0% used [0x00000000fab00000,0x00000000fab00000,0x00000000fc480000)
 ParOldGen       total 112128K, used 54210K [0x00000000e0000000, 0x00000000e6d80000, 0x00000000f5580000)
  object space 112128K, 48% used [0x00000000e0000000,0x00000000e34f0998,0x00000000e6d80000)
 Metaspace       used 92857K, capacity 100216K, committed 100528K, reserved 1136640K
  class space    used 11274K, capacity 13454K, committed 13488K, reserved 1048576K
}
Event: 1143.509 GC heap before
{Heap before GC invocations=25 (full 4):
 PSYoungGen      total 112128K, used 106594K [0x00000000f5580000, 0x00000000fde00000, 0x0000000100000000)
  eden space 87552K, 100% used [0x00000000f5580000,0x00000000fab00000,0x00000000fab00000)
  from space 24576K, 77% used [0x00000000fc600000,0x00000000fd8988a8,0x00000000fde00000)
  to   space 26112K, 0% used [0x00000000fab00000,0x00000000fab00000,0x00000000fc480000)
 ParOldGen       total 112128K, used 54210K [0x00000000e0000000, 0x00000000e6d80000, 0x00000000f5580000)
  object space 112128K, 48% used [0x00000000e0000000,0x00000000e34f0998,0x00000000e6d80000)
 Metaspace       used 93439K, capacity 101022K, committed 101424K, reserved 1136640K
  class space    used 11306K, capacity 13551K, committed 13616K, reserved 1048576K
Event: 1143.519 GC heap after
Heap after GC invocations=25 (full 4):
 PSYoungGen      total 104448K, used 18834K [0x00000000f5580000, 0x00000000fdd00000, 0x0000000100000000)
  eden space 85504K, 0% used [0x00000000f5580000,0x00000000f5580000,0x00000000fa900000)
  from space 18944K, 99% used [0x00000000fab00000,0x00000000fbd64930,0x00000000fbd80000)
  to   space 26624K, 0% used [0x00000000fc300000,0x00000000fc300000,0x00000000fdd00000)
 ParOldGen       total 112128K, used 54218K [0x00000000e0000000, 0x00000000e6d80000, 0x00000000f5580000)
  object space 112128K, 48% used [0x00000000e0000000,0x00000000e34f2998,0x00000000e6d80000)
 Metaspace       used 93439K, capacity 101022K, committed 101424K, reserved 1136640K
  class space    used 11306K, capacity 13551K, committed 13616K, reserved 1048576K
}

